<?xml version="1.0" encoding="UTF-8"?>
<!-- Generated by org.testng.reporters.JUnitReportReporter -->
<testsuite skipped="0" hostname="DESKTOP-APRU6N4" name="com.github.testCases.TC_GitHubSearch_001" tests="1" failures="0" timestamp="2020-08-01T21:43:02 IST" time="11.327" errors="0">
  <testcase name="verifyGithubSearchRepo" time="11.327" classname="com.github.testCases.TC_GitHubSearch_001"/>
  <system-out/>
</testsuite> <!-- com.github.testCases.TC_GitHubSearch_001 -->
